[NX Daemon Server] - 2024-12-07T17:05:40.543Z - Started listening on: \\.\pipe\nx\C:\Users\danik\AppData\Local\Temp\190d1ec052f3925fb92f\d.sock
[NX Daemon Server] - 2024-12-07T17:05:40.547Z - [WATCHER]: Subscribed to changes within: E:\Web\Angular\Angular (native)
[NX Daemon Server] - 2024-12-07T17:05:40.556Z - Established a connection. Number of open connections: 1
[NX Daemon Server] - 2024-12-07T17:05:40.559Z - Closed a connection. Number of open connections: 0
[NX Daemon Server] - 2024-12-07T17:05:40.559Z - Established a connection. Number of open connections: 1
[NX Daemon Server] - 2024-12-07T17:05:40.562Z - [REQUEST]: Responding to the client. Shutdown initiated
[NX Daemon Server] - 2024-12-07T17:05:40.563Z - Done responding to the client Shutdown initiated
[NX Daemon Server] - 2024-12-07T17:05:40.564Z - Handled FORCE_SHUTDOWN. Handling time: 0. Response time: 2.
[NX Daemon Server] - 2024-12-07T17:05:40.564Z - Closed a connection. Number of open connections: 0
[NX Daemon Server] - 2024-12-07T17:05:40.564Z - [WATCHER]: Stopping the watcher for E:\Web\Angular\Angular (sources)
[NX Daemon Server] - 2024-12-07T17:05:40.564Z - [WATCHER]: Stopping the watcher for E:\Web\Angular\Angular (outputs)
[NX Daemon Server] - 2024-12-07T17:08:30.986Z - Started listening on: \\.\pipe\nx\C:\Users\danik\AppData\Local\Temp\190d1ec052f3925fb92f\d.sock
[NX Daemon Server] - 2024-12-07T17:08:30.992Z - [WATCHER]: Subscribed to changes within: E:\Web\Angular\Angular (native)
[NX Daemon Server] - 2024-12-07T17:08:30.997Z - Established a connection. Number of open connections: 1
[NX Daemon Server] - 2024-12-07T17:08:31.000Z - Closed a connection. Number of open connections: 0
[NX Daemon Server] - 2024-12-07T17:08:31.000Z - Established a connection. Number of open connections: 1
[NX Daemon Server] - 2024-12-07T17:08:31.003Z - [REQUEST]: Client Request for Project Graph Received
[NX Daemon Server] - 2024-12-07T17:08:31.453Z - [REQUEST]: Updated workspace context based on watched changes, recomputing project graph...
[NX Daemon Server] - 2024-12-07T17:08:31.453Z - [REQUEST]: 
[NX Daemon Server] - 2024-12-07T17:08:31.453Z - [REQUEST]: 
[NX Daemon Server] - 2024-12-07T17:08:31.464Z - Time taken for 'loadNxPlugins' 447.06019999831915ms
[NX Daemon Server] - 2024-12-07T17:08:31.518Z - Time taken for 'build-project-configs' 33.27890000119805ms
[NX Daemon Server] - 2024-12-07T17:08:31.893Z - [SYNC]: collect registered sync generators
[NX Daemon Server] - 2024-12-07T17:08:31.895Z - [REQUEST]: Responding to the client. project-graph
[NX Daemon Server] - 2024-12-07T17:08:31.896Z - Time taken for 'total for creating and serializing project graph' 891.6146999970078ms
[NX Daemon Server] - 2024-12-07T17:08:31.898Z - Done responding to the client project-graph
[NX Daemon Server] - 2024-12-07T17:08:31.899Z - Handled REQUEST_PROJECT_GRAPH. Handling time: 892. Response time: 4.
[NX Daemon Server] - 2024-12-07T17:08:32.231Z - [REQUEST]: Responding to the client. handleHashTasks
[NX Daemon Server] - 2024-12-07T17:08:32.231Z - Done responding to the client handleHashTasks
[NX Daemon Server] - 2024-12-07T17:08:32.231Z - Handled HASH_TASKS. Handling time: 31. Response time: 0.
[NX Daemon Server] - 2024-12-07T17:08:32.671Z - [REQUEST]: Responding to the client. handleGetEstimatedTaskTimings
[NX Daemon Server] - 2024-12-07T17:08:32.671Z - Done responding to the client handleGetEstimatedTaskTimings
[NX Daemon Server] - 2024-12-07T17:08:32.671Z - Handled GET_ESTIMATED_TASK_TIMINGS. Handling time: 27. Response time: 0.
[NX Daemon Server] - 2024-12-07T17:08:34.873Z - [REQUEST]: Responding to the client. recordOutputsHash
[NX Daemon Server] - 2024-12-07T17:08:34.873Z - Done responding to the client recordOutputsHash
[NX Daemon Server] - 2024-12-07T17:08:34.873Z - Handled RECORD_OUTPUTS_HASH. Handling time: 1. Response time: 0.
[NX Daemon Server] - 2024-12-07T17:08:34.889Z - [WATCHER]: project.json was modified
[NX Daemon Server] - 2024-12-07T17:08:34.890Z - [WATCHER]: Processing file changes in outputs
[NX Daemon Server] - 2024-12-07T17:08:34.999Z - [REQUEST]: Updated workspace context based on watched changes, recomputing project graph...
[NX Daemon Server] - 2024-12-07T17:08:34.999Z - [REQUEST]: project.json
[NX Daemon Server] - 2024-12-07T17:08:35.000Z - [REQUEST]: 
[NX Daemon Server] - 2024-12-07T17:08:35.003Z - Time taken for 'hash changed files from watcher' 0.3173999972641468ms
[NX Daemon Server] - 2024-12-07T17:08:35.026Z - Time taken for 'build-project-configs' 19.2820999994874ms
[NX Daemon Server] - 2024-12-07T17:08:35.062Z - [SYNC]: collect registered sync generators
[NX Daemon Server] - 2024-12-07T17:08:35.063Z - [SYNC]: project graph hash is the same, not collecting task sync generators
[NX Daemon Server] - 2024-12-07T17:08:35.063Z - [SYNC]: nx.json hash is the same, not collecting global sync generators
[NX Daemon Server] - 2024-12-07T17:08:35.063Z - Time taken for 'total execution time for createProjectGraph()' 27.20729999989271ms
[NX Daemon Server] - 2024-12-07T17:08:42.931Z - Established a connection. Number of open connections: 2
[NX Daemon Server] - 2024-12-07T17:08:42.933Z - Closed a connection. Number of open connections: 1
[NX Daemon Server] - 2024-12-07T17:08:42.934Z - Established a connection. Number of open connections: 2
[NX Daemon Server] - 2024-12-07T17:08:42.939Z - [REQUEST]: Client Request for Project Graph Received
[NX Daemon Server] - 2024-12-07T17:08:42.940Z - [REQUEST]: Responding to the client. project-graph
[NX Daemon Server] - 2024-12-07T17:08:42.941Z - Time taken for 'total for creating and serializing project graph' 1.2780000008642673ms
[NX Daemon Server] - 2024-12-07T17:08:42.942Z - Done responding to the client project-graph
[NX Daemon Server] - 2024-12-07T17:08:42.942Z - Handled REQUEST_PROJECT_GRAPH. Handling time: 1. Response time: 2.
[NX Daemon Server] - 2024-12-07T17:09:32.600Z - [WATCHER]: Processing file changes in outputs
[NX Daemon Server] - 2024-12-07T17:09:32.827Z - [WATCHER]: Processing file changes in outputs
[NX Daemon Server] - 2024-12-07T17:09:32.889Z - [WATCHER]: Processing file changes in outputs
[NX Daemon Server] - 2024-12-07T17:09:33.093Z - [WATCHER]: Processing file changes in outputs
[NX Daemon Server] - 2024-12-07T17:09:33.156Z - [WATCHER]: Processing file changes in outputs
[NX Daemon Server] - 2024-12-07T17:09:33.234Z - [WATCHER]: Processing file changes in outputs
[NX Daemon Server] - 2024-12-07T17:09:33.326Z - [WATCHER]: Processing file changes in outputs
[NX Daemon Server] - 2024-12-07T17:09:33.403Z - [WATCHER]: Processing file changes in outputs
[NX Daemon Server] - 2024-12-07T17:09:33.465Z - [WATCHER]: Processing file changes in outputs
[NX Daemon Server] - 2024-12-07T17:09:33.523Z - [WATCHER]: Processing file changes in outputs
[NX Daemon Server] - 2024-12-07T17:09:33.574Z - [WATCHER]: Processing file changes in outputs
[NX Daemon Server] - 2024-12-07T17:09:33.635Z - [WATCHER]: Processing file changes in outputs
[NX Daemon Server] - 2024-12-07T17:09:33.686Z - [WATCHER]: Processing file changes in outputs
[NX Daemon Server] - 2024-12-07T17:09:33.780Z - [WATCHER]: Processing file changes in outputs
[NX Daemon Server] - 2024-12-07T17:09:37.111Z - [WATCHER]: Processing file changes in outputs
[NX Daemon Server] - 2024-12-07T17:11:40.871Z - [WATCHER]: Processing file changes in outputs
[NX Daemon Server] - 2024-12-07T17:11:40.873Z - [WATCHER]: src/app/app.component.html was modified
[NX Daemon Server] - 2024-12-07T17:11:40.982Z - [REQUEST]: Updated workspace context based on watched changes, recomputing project graph...
[NX Daemon Server] - 2024-12-07T17:11:40.982Z - [REQUEST]: src/app/app.component.html
[NX Daemon Server] - 2024-12-07T17:11:40.982Z - [REQUEST]: 
[NX Daemon Server] - 2024-12-07T17:11:40.985Z - Time taken for 'hash changed files from watcher' 0.2848000004887581ms
[NX Daemon Server] - 2024-12-07T17:11:41.013Z - Time taken for 'build-project-configs' 22.906100001186132ms
[NX Daemon Server] - 2024-12-07T17:11:41.065Z - [SYNC]: collect registered sync generators
[NX Daemon Server] - 2024-12-07T17:11:41.066Z - [SYNC]: project graph hash is the same, not collecting task sync generators
[NX Daemon Server] - 2024-12-07T17:11:41.066Z - [SYNC]: nx.json hash is the same, not collecting global sync generators
[NX Daemon Server] - 2024-12-07T17:11:41.066Z - Time taken for 'total execution time for createProjectGraph()' 42.16910000145435ms
[NX Daemon Server] - 2024-12-07T17:11:54.351Z - Closed a connection. Number of open connections: 1
[NX Daemon Server] - 2024-12-07T17:11:54.353Z - Closed a connection. Number of open connections: 0
[NX Daemon Server] - 2024-12-07T17:12:13.432Z - Established a connection. Number of open connections: 1
[NX Daemon Server] - 2024-12-07T17:12:13.433Z - Closed a connection. Number of open connections: 0
[NX Daemon Server] - 2024-12-07T17:12:13.434Z - Established a connection. Number of open connections: 1
[NX Daemon Server] - 2024-12-07T17:12:13.437Z - [REQUEST]: Client Request for Project Graph Received
[NX Daemon Server] - 2024-12-07T17:12:13.438Z - [REQUEST]: Responding to the client. project-graph
[NX Daemon Server] - 2024-12-07T17:12:13.439Z - Time taken for 'total for creating and serializing project graph' 0.7049999982118607ms
[NX Daemon Server] - 2024-12-07T17:12:13.439Z - Done responding to the client project-graph
[NX Daemon Server] - 2024-12-07T17:12:13.440Z - Handled REQUEST_PROJECT_GRAPH. Handling time: 1. Response time: 2.
[NX Daemon Server] - 2024-12-07T17:12:13.552Z - [REQUEST]: Responding to the client. handleHashTasks
[NX Daemon Server] - 2024-12-07T17:12:13.553Z - Done responding to the client handleHashTasks
[NX Daemon Server] - 2024-12-07T17:12:13.554Z - Handled HASH_TASKS. Handling time: 33. Response time: 2.
[NX Daemon Server] - 2024-12-07T17:12:14.141Z - [REQUEST]: Responding to the client. handleGetEstimatedTaskTimings
[NX Daemon Server] - 2024-12-07T17:12:14.141Z - Done responding to the client handleGetEstimatedTaskTimings
[NX Daemon Server] - 2024-12-07T17:12:14.141Z - Handled GET_ESTIMATED_TASK_TIMINGS. Handling time: 0. Response time: 0.
[NX Daemon Server] - 2024-12-07T17:12:16.255Z - [REQUEST]: Responding to the client. recordOutputsHash
[NX Daemon Server] - 2024-12-07T17:12:16.256Z - Done responding to the client recordOutputsHash
[NX Daemon Server] - 2024-12-07T17:12:16.256Z - Handled RECORD_OUTPUTS_HASH. Handling time: 0. Response time: 1.
[NX Daemon Server] - 2024-12-07T17:12:16.267Z - [WATCHER]: project.json was modified
[NX Daemon Server] - 2024-12-07T17:12:16.268Z - [WATCHER]: Processing file changes in outputs
[NX Daemon Server] - 2024-12-07T17:12:16.375Z - [REQUEST]: Updated workspace context based on watched changes, recomputing project graph...
[NX Daemon Server] - 2024-12-07T17:12:16.375Z - [REQUEST]: project.json
[NX Daemon Server] - 2024-12-07T17:12:16.375Z - [REQUEST]: 
[NX Daemon Server] - 2024-12-07T17:12:16.377Z - Time taken for 'hash changed files from watcher' 0.2751000002026558ms
[NX Daemon Server] - 2024-12-07T17:12:16.410Z - Time taken for 'build-project-configs' 26.15480000153184ms
[NX Daemon Server] - 2024-12-07T17:12:16.456Z - [SYNC]: collect registered sync generators
[NX Daemon Server] - 2024-12-07T17:12:16.457Z - [SYNC]: project graph hash is the same, not collecting task sync generators
[NX Daemon Server] - 2024-12-07T17:12:16.457Z - [SYNC]: nx.json hash is the same, not collecting global sync generators
[NX Daemon Server] - 2024-12-07T17:12:16.457Z - Time taken for 'total execution time for createProjectGraph()' 35.70549999922514ms
[NX Daemon Server] - 2024-12-07T17:12:17.354Z - Established a connection. Number of open connections: 2
[NX Daemon Server] - 2024-12-07T17:12:17.356Z - Closed a connection. Number of open connections: 1
[NX Daemon Server] - 2024-12-07T17:12:17.357Z - Established a connection. Number of open connections: 2
[NX Daemon Server] - 2024-12-07T17:12:17.361Z - [REQUEST]: Client Request for Project Graph Received
[NX Daemon Server] - 2024-12-07T17:12:17.362Z - [REQUEST]: Responding to the client. project-graph
[NX Daemon Server] - 2024-12-07T17:12:17.363Z - Time taken for 'total for creating and serializing project graph' 0.8990000002086163ms
[NX Daemon Server] - 2024-12-07T17:12:17.363Z - Done responding to the client project-graph
[NX Daemon Server] - 2024-12-07T17:12:17.364Z - Handled REQUEST_PROJECT_GRAPH. Handling time: 1. Response time: 2.
[NX Daemon Server] - 2024-12-07T17:12:25.173Z - [WATCHER]: Processing file changes in outputs
[NX Daemon Server] - 2024-12-07T17:14:50.525Z - [WATCHER]: src/index.html was modified
[NX Daemon Server] - 2024-12-07T17:14:50.741Z - [WATCHER]: Processing file changes in outputs
[NX Daemon Server] - 2024-12-07T17:14:50.863Z - [REQUEST]: Updated workspace context based on watched changes, recomputing project graph...
[NX Daemon Server] - 2024-12-07T17:14:50.863Z - [REQUEST]: src/index.html
[NX Daemon Server] - 2024-12-07T17:14:50.863Z - [REQUEST]: 
[NX Daemon Server] - 2024-12-07T17:14:50.866Z - Time taken for 'hash changed files from watcher' 10.404399998486042ms
[NX Daemon Server] - 2024-12-07T17:14:50.896Z - Time taken for 'build-project-configs' 22.67449999973178ms
[NX Daemon Server] - 2024-12-07T17:14:50.902Z - [WATCHER]: src/index.html was modified
[NX Daemon Server] - 2024-12-07T17:14:50.902Z - [WATCHER]: Processing file changes in outputs
[NX Daemon Server] - 2024-12-07T17:14:50.938Z - [SYNC]: collect registered sync generators
[NX Daemon Server] - 2024-12-07T17:14:50.939Z - [SYNC]: project graph hash is the same, not collecting task sync generators
[NX Daemon Server] - 2024-12-07T17:14:50.939Z - [SYNC]: nx.json hash is the same, not collecting global sync generators
[NX Daemon Server] - 2024-12-07T17:14:50.939Z - Time taken for 'total execution time for createProjectGraph()' 34.179900001734495ms
[NX Daemon Server] - 2024-12-07T17:14:51.108Z - [REQUEST]: Updated workspace context based on watched changes, recomputing project graph...
[NX Daemon Server] - 2024-12-07T17:14:51.108Z - [REQUEST]: src/index.html
[NX Daemon Server] - 2024-12-07T17:14:51.108Z - [REQUEST]: 
[NX Daemon Server] - 2024-12-07T17:14:51.112Z - Time taken for 'hash changed files from watcher' 0.6750999987125397ms
[NX Daemon Server] - 2024-12-07T17:14:51.155Z - Time taken for 'build-project-configs' 34.40480000153184ms
[NX Daemon Server] - 2024-12-07T17:14:51.232Z - [SYNC]: collect registered sync generators
[NX Daemon Server] - 2024-12-07T17:14:51.233Z - [SYNC]: project graph hash is the same, not collecting task sync generators
[NX Daemon Server] - 2024-12-07T17:14:51.233Z - [SYNC]: nx.json hash is the same, not collecting global sync generators
[NX Daemon Server] - 2024-12-07T17:14:51.233Z - Time taken for 'total execution time for createProjectGraph()' 59.99890000000596ms
[NX Daemon Server] - 2024-12-07T17:15:14.194Z - Closed a connection. Number of open connections: 1
[NX Daemon Server] - 2024-12-07T17:15:14.196Z - Closed a connection. Number of open connections: 0
[NX Daemon Server] - 2024-12-07T17:19:44.816Z - [WATCHER]: package.json was modified
[NX Daemon Server] - 2024-12-07T17:19:44.830Z - [WATCHER]: Processing file changes in outputs
[NX Daemon Server] - 2024-12-07T17:19:45.226Z - [REQUEST]: Updated workspace context based on watched changes, recomputing project graph...
[NX Daemon Server] - 2024-12-07T17:19:45.226Z - [REQUEST]: package.json
[NX Daemon Server] - 2024-12-07T17:19:45.226Z - [REQUEST]: 
[NX Daemon Server] - 2024-12-07T17:19:45.229Z - Time taken for 'hash changed files from watcher' 0.28790000081062317ms
[NX Daemon Server] - 2024-12-07T17:19:45.254Z - Time taken for 'build-project-configs' 20.10590000078082ms
[NX Daemon Server] - 2024-12-07T17:19:45.360Z - [SYNC]: collect registered sync generators
[NX Daemon Server] - 2024-12-07T17:19:45.361Z - [SYNC]: project graph hash is the same, not collecting task sync generators
[NX Daemon Server] - 2024-12-07T17:19:45.361Z - [SYNC]: nx.json hash is the same, not collecting global sync generators
[NX Daemon Server] - 2024-12-07T17:19:45.361Z - Time taken for 'total execution time for createProjectGraph()' 88.80299999937415ms
[NX Daemon Server] - 2024-12-07T17:19:45.446Z - [WATCHER]: Processing file changes in outputs
[NX Daemon Server] - 2024-12-07T17:19:45.449Z - [WATCHER]: Stopping the watcher for E:\Web\Angular\Angular (sources)
[NX Daemon Server] - 2024-12-07T17:19:45.449Z - [WATCHER]: Stopping the watcher for E:\Web\Angular\Angular (outputs)
[NX Daemon Server] - 2024-12-07T17:19:45.485Z - Server stopped because: "LOCK_FILES_CHANGED"
[NX Daemon Server] - 2024-12-07T17:22:30.870Z - Started listening on: \\.\pipe\nx\C:\Users\danik\AppData\Local\Temp\190d1ec052f3925fb92f\d.sock
[NX Daemon Server] - 2024-12-07T17:22:30.875Z - [WATCHER]: Subscribed to changes within: E:\Web\Angular\Angular (native)
[NX Daemon Server] - 2024-12-07T17:22:30.887Z - Established a connection. Number of open connections: 1
[NX Daemon Server] - 2024-12-07T17:22:30.889Z - Closed a connection. Number of open connections: 0
[NX Daemon Server] - 2024-12-07T17:22:30.890Z - Established a connection. Number of open connections: 1
[NX Daemon Server] - 2024-12-07T17:22:30.892Z - [REQUEST]: Client Request for Project Graph Received
[NX Daemon Server] - 2024-12-07T17:22:31.317Z - [REQUEST]: Updated workspace context based on watched changes, recomputing project graph...
[NX Daemon Server] - 2024-12-07T17:22:31.317Z - [REQUEST]: 
[NX Daemon Server] - 2024-12-07T17:22:31.317Z - [REQUEST]: 
[NX Daemon Server] - 2024-12-07T17:22:31.326Z - Time taken for 'loadNxPlugins' 422.14510000124574ms
[NX Daemon Server] - 2024-12-07T17:22:31.384Z - Time taken for 'build-project-configs' 39.12209999933839ms
[NX Daemon Server] - 2024-12-07T17:22:31.855Z - [SYNC]: collect registered sync generators
[NX Daemon Server] - 2024-12-07T17:22:31.856Z - [REQUEST]: Responding to the client. project-graph
[NX Daemon Server] - 2024-12-07T17:22:31.857Z - Time taken for 'total for creating and serializing project graph' 964.0173000022769ms
[NX Daemon Server] - 2024-12-07T17:22:31.859Z - Done responding to the client project-graph
[NX Daemon Server] - 2024-12-07T17:22:31.859Z - Handled REQUEST_PROJECT_GRAPH. Handling time: 964. Response time: 3.
[NX Daemon Server] - 2024-12-07T17:22:31.970Z - [REQUEST]: Responding to the client. handleHashTasks
[NX Daemon Server] - 2024-12-07T17:22:31.970Z - Done responding to the client handleHashTasks
[NX Daemon Server] - 2024-12-07T17:22:31.970Z - Handled HASH_TASKS. Handling time: 33. Response time: 0.
[NX Daemon Server] - 2024-12-07T17:22:32.472Z - [REQUEST]: Responding to the client. handleGetEstimatedTaskTimings
[NX Daemon Server] - 2024-12-07T17:22:32.472Z - Done responding to the client handleGetEstimatedTaskTimings
[NX Daemon Server] - 2024-12-07T17:22:32.472Z - Handled GET_ESTIMATED_TASK_TIMINGS. Handling time: 19. Response time: 0.
[NX Daemon Server] - 2024-12-07T17:22:34.578Z - [REQUEST]: Responding to the client. recordOutputsHash
[NX Daemon Server] - 2024-12-07T17:22:34.578Z - Done responding to the client recordOutputsHash
[NX Daemon Server] - 2024-12-07T17:22:34.578Z - Handled RECORD_OUTPUTS_HASH. Handling time: 1. Response time: 0.
[NX Daemon Server] - 2024-12-07T17:22:34.610Z - [WATCHER]: project.json was modified
[NX Daemon Server] - 2024-12-07T17:22:34.611Z - [WATCHER]: Processing file changes in outputs
[NX Daemon Server] - 2024-12-07T17:22:34.720Z - [REQUEST]: Updated workspace context based on watched changes, recomputing project graph...
[NX Daemon Server] - 2024-12-07T17:22:34.720Z - [REQUEST]: project.json
[NX Daemon Server] - 2024-12-07T17:22:34.720Z - [REQUEST]: 
[NX Daemon Server] - 2024-12-07T17:22:34.723Z - Time taken for 'hash changed files from watcher' 0.3302999995648861ms
[NX Daemon Server] - 2024-12-07T17:22:34.746Z - Time taken for 'build-project-configs' 18.666400000452995ms
[NX Daemon Server] - 2024-12-07T17:22:34.783Z - [SYNC]: collect registered sync generators
[NX Daemon Server] - 2024-12-07T17:22:34.783Z - [SYNC]: project graph hash is the same, not collecting task sync generators
[NX Daemon Server] - 2024-12-07T17:22:34.783Z - [SYNC]: nx.json hash is the same, not collecting global sync generators
[NX Daemon Server] - 2024-12-07T17:22:34.783Z - Time taken for 'total execution time for createProjectGraph()' 27.06990000233054ms
[NX Daemon Server] - 2024-12-07T17:22:35.588Z - Established a connection. Number of open connections: 2
[NX Daemon Server] - 2024-12-07T17:22:35.589Z - Closed a connection. Number of open connections: 1
[NX Daemon Server] - 2024-12-07T17:22:35.590Z - Established a connection. Number of open connections: 2
[NX Daemon Server] - 2024-12-07T17:22:35.593Z - [REQUEST]: Client Request for Project Graph Received
[NX Daemon Server] - 2024-12-07T17:22:35.594Z - [REQUEST]: Responding to the client. project-graph
[NX Daemon Server] - 2024-12-07T17:22:35.595Z - Time taken for 'total for creating and serializing project graph' 0.7929999977350235ms
[NX Daemon Server] - 2024-12-07T17:22:35.596Z - Done responding to the client project-graph
[NX Daemon Server] - 2024-12-07T17:22:35.597Z - Handled REQUEST_PROJECT_GRAPH. Handling time: 1. Response time: 3.
[NX Daemon Server] - 2024-12-07T17:22:38.997Z - Closed a connection. Number of open connections: 1
[NX Daemon Server] - 2024-12-07T17:22:39.036Z - [REQUEST]: Responding to the client. recordOutputsHash
[NX Daemon Server] - 2024-12-07T17:22:39.036Z - Done responding to the client recordOutputsHash
[NX Daemon Server] - 2024-12-07T17:22:39.036Z - Handled RECORD_OUTPUTS_HASH. Handling time: 1. Response time: 0.
Was not able to require.resolve module nx/src/utils/app-root from the following paths: E:\Web\Angular\Angular\node_modules\nx\node_modules,E:\Web\Angular\Angular\node_modules. This may be expected.
Was not able to require.resolve module nx/src/utils/app-root from the following paths: E:\Web\Angular\Angular\node_modules\nx\node_modules,E:\Web\Angular\Angular\node_modules. This may be expected.
[NX Daemon Server] - 2024-12-07T17:22:39.578Z - [REQUEST]: Responding to the client. PROCESS_IN_BACKGROUND
[NX Daemon Server] - 2024-12-07T17:22:39.579Z - Uploading file artifacts
[NX Daemon Server] - 2024-12-07T17:22:39.579Z - Done uploading file artifacts
[NX Daemon Server] - 2024-12-07T17:22:39.580Z - Sending EndRun request
[Nx Cloud Debug] Attempting to acquire filesystem lock with path:  C:\Users\danik\AppData\Local\Temp\client-instance-id.lock
[Nx Cloud Debug] Failed to create folder lock at path: C:\Users\danik\AppData\Local\Temp\client-instance-id.lock
[Nx Cloud] Unable to detect a VCS context from the environment.
[NX Daemon Server] - 2024-12-07T17:22:39.750Z - Done responding to the client PROCESS_IN_BACKGROUND
[NX Daemon Server] - 2024-12-07T17:22:39.750Z - Handled PROCESS_IN_BACKGROUND. Handling time: 374. Response time: 172.
[NX Daemon Server] - 2024-12-07T17:22:39.751Z - Closed a connection. Number of open connections: 0

 NX   RunEnd. Completed tasks


[
  {
    "taskId": "TikTok:pre_build",
    "startTime": "2024-12-07T17:22:32.479Z",
    "target": "pre_build",
    "projectName": "TikTok",
    "hash": "5366342165806457961",
    "hashDetails": {
      "nodes": {
        "workspace:[{workspaceRoot}/nx.json,{workspaceRoot}/.gitignore,{workspaceRoot}/.nxignore]": "1932687529572995925",
        "TikTok:{projectRoot}/**/*": "4843706717294574519",
        "TikTok:ProjectConfiguration": "17927142807262702146",
        "env:NX_CLOUD_ENCRYPTION_KEY": "3244421341483603138",
        "AllExternalDependencies": "18420246354277330482",
        "TikTok:TsConfig": "15537700244056097503",
        "npmDependencies": "hMMeBeY4i8DIRhoq6ROWTw=="
      },
      "runtime": {},
      "implicitDeps": {}
    },
    "params": "",
    "uploadedToStorage": false,
    "terminalOutputUploadedToFileStorage": false,
    "parallelism": true,
    "endTime": "2024-12-07T17:22:34.579Z",
    "status": 0,
    "cacheStatus": "cache-miss",
    "meta": null
  },
  {
    "taskId": "TikTok:serve:development",
    "startTime": "2024-12-07T17:22:34.587Z",
    "target": "serve",
    "projectName": "TikTok",
    "hash": "17737294605498496299",
    "hashDetails": {
      "nodes": {
        "env:NX_CLOUD_ENCRYPTION_KEY": "3244421341483603138",
        "TikTok:ProjectConfiguration": "17927142807262702146",
        "TikTok:{projectRoot}/**/*": "4843706717294574519",
        "workspace:[{workspaceRoot}/nx.json,{workspaceRoot}/.gitignore,{workspaceRoot}/.nxignore]": "1932687529572995925",
        "TikTok:TsConfig": "15537700244056097503",
        "npmDependencies": "hMMeBeY4i8DIRhoq6ROWTw=="
      },
      "runtime": {},
      "implicitDeps": {}
    },
    "params": "",
    "uploadedToStorage": false,
    "terminalOutputUploadedToFileStorage": false,
    "parallelism": true,
    "endTime": "2024-12-07T17:22:39.036Z",
    "status": 1,
    "cacheStatus": "cache-miss",
    "meta": null
  }
]


 NX   Connection to Nx Cloud failed with status code 401

This workspace is more than three days old and is not connected. Workspaces must be connected within 3 days of creation. Claim your workspace at https://cloud.nx.app.

[NX Daemon Server] - 2024-12-07T17:22:40.301Z - Error when sending EndRun
Error: This workspace is more than three days old and is not connected. Workspaces must be connected within 3 days of creation. Claim your workspace at https://cloud.nx.app
    at Timeout._onTimeout (E:\Web\Angular\Angular\.nx\cache\cloud\2412.05.4\lib\daemon\process-run-end.js:33:4325)
    at process.processTicksAndRejections (node:internal/process/task_queues:95:5)
[NX Daemon Server] - 2024-12-07T17:23:33.218Z - [WATCHER]: webpack.config.ts was modified
[NX Daemon Server] - 2024-12-07T17:23:33.219Z - [WATCHER]: Processing file changes in outputs
[NX Daemon Server] - 2024-12-07T17:23:33.330Z - [REQUEST]: Updated workspace context based on watched changes, recomputing project graph...
[NX Daemon Server] - 2024-12-07T17:23:33.330Z - [REQUEST]: webpack.config.ts
[NX Daemon Server] - 2024-12-07T17:23:33.330Z - [REQUEST]: 
[NX Daemon Server] - 2024-12-07T17:23:33.333Z - Time taken for 'hash changed files from watcher' 0.40139999985694885ms
[NX Daemon Server] - 2024-12-07T17:23:33.360Z - Time taken for 'build-project-configs' 20.93459999933839ms
[NX Daemon Server] - 2024-12-07T17:23:33.413Z - [SYNC]: collect registered sync generators
[NX Daemon Server] - 2024-12-07T17:23:33.414Z - [SYNC]: project graph hash is the same, not collecting task sync generators
[NX Daemon Server] - 2024-12-07T17:23:33.414Z - [SYNC]: nx.json hash is the same, not collecting global sync generators
[NX Daemon Server] - 2024-12-07T17:23:33.414Z - Time taken for 'total execution time for createProjectGraph()' 43.94579999893904ms
[NX Daemon Server] - 2024-12-07T17:23:45.264Z - Established a connection. Number of open connections: 1
[NX Daemon Server] - 2024-12-07T17:23:45.265Z - Closed a connection. Number of open connections: 0
[NX Daemon Server] - 2024-12-07T17:23:45.266Z - Established a connection. Number of open connections: 1
[NX Daemon Server] - 2024-12-07T17:23:45.269Z - [REQUEST]: Client Request for Project Graph Received
[NX Daemon Server] - 2024-12-07T17:23:45.270Z - [REQUEST]: Responding to the client. project-graph
[NX Daemon Server] - 2024-12-07T17:23:45.271Z - Time taken for 'total for creating and serializing project graph' 0.7168000005185604ms
[NX Daemon Server] - 2024-12-07T17:23:45.271Z - Done responding to the client project-graph
[NX Daemon Server] - 2024-12-07T17:23:45.271Z - Handled REQUEST_PROJECT_GRAPH. Handling time: 1. Response time: 1.
[NX Daemon Server] - 2024-12-07T17:23:45.374Z - [REQUEST]: Responding to the client. handleHashTasks
[NX Daemon Server] - 2024-12-07T17:23:45.376Z - Done responding to the client handleHashTasks
[NX Daemon Server] - 2024-12-07T17:23:45.376Z - Handled HASH_TASKS. Handling time: 29. Response time: 2.
[NX Daemon Server] - 2024-12-07T17:23:46.333Z - [REQUEST]: Responding to the client. handleGetEstimatedTaskTimings
[NX Daemon Server] - 2024-12-07T17:23:46.333Z - Done responding to the client handleGetEstimatedTaskTimings
[NX Daemon Server] - 2024-12-07T17:23:46.333Z - Handled GET_ESTIMATED_TASK_TIMINGS. Handling time: 0. Response time: 0.
[NX Daemon Server] - 2024-12-07T17:23:48.317Z - [REQUEST]: Responding to the client. recordOutputsHash
[NX Daemon Server] - 2024-12-07T17:23:48.317Z - Done responding to the client recordOutputsHash
[NX Daemon Server] - 2024-12-07T17:23:48.317Z - Handled RECORD_OUTPUTS_HASH. Handling time: 0. Response time: 0.
[NX Daemon Server] - 2024-12-07T17:23:48.344Z - [WATCHER]: Processing file changes in outputs
[NX Daemon Server] - 2024-12-07T17:23:48.346Z - [WATCHER]: project.json was modified
[NX Daemon Server] - 2024-12-07T17:23:48.453Z - [REQUEST]: Updated workspace context based on watched changes, recomputing project graph...
[NX Daemon Server] - 2024-12-07T17:23:48.453Z - [REQUEST]: project.json
[NX Daemon Server] - 2024-12-07T17:23:48.453Z - [REQUEST]: 
[NX Daemon Server] - 2024-12-07T17:23:48.456Z - Time taken for 'hash changed files from watcher' 0.2839000001549721ms
[NX Daemon Server] - 2024-12-07T17:23:48.483Z - Time taken for 'build-project-configs' 21.063500002026558ms
[NX Daemon Server] - 2024-12-07T17:23:48.529Z - [SYNC]: collect registered sync generators
[NX Daemon Server] - 2024-12-07T17:23:48.530Z - [SYNC]: project graph hash is the same, not collecting task sync generators
[NX Daemon Server] - 2024-12-07T17:23:48.530Z - [SYNC]: nx.json hash is the same, not collecting global sync generators
[NX Daemon Server] - 2024-12-07T17:23:48.530Z - Time taken for 'total execution time for createProjectGraph()' 36.7284999974072ms
[NX Daemon Server] - 2024-12-07T17:23:49.357Z - Established a connection. Number of open connections: 2
[NX Daemon Server] - 2024-12-07T17:23:49.358Z - Closed a connection. Number of open connections: 1
[NX Daemon Server] - 2024-12-07T17:23:49.360Z - Established a connection. Number of open connections: 2
[NX Daemon Server] - 2024-12-07T17:23:49.363Z - [REQUEST]: Client Request for Project Graph Received
[NX Daemon Server] - 2024-12-07T17:23:49.364Z - [REQUEST]: Responding to the client. project-graph
[NX Daemon Server] - 2024-12-07T17:23:49.365Z - Time taken for 'total for creating and serializing project graph' 0.7261999994516373ms
[NX Daemon Server] - 2024-12-07T17:23:49.366Z - Done responding to the client project-graph
[NX Daemon Server] - 2024-12-07T17:23:49.367Z - Handled REQUEST_PROJECT_GRAPH. Handling time: 1. Response time: 3.
[NX Daemon Server] - 2024-12-07T17:28:17.507Z - Closed a connection. Number of open connections: 1
[NX Daemon Server] - 2024-12-07T17:28:17.509Z - Closed a connection. Number of open connections: 0
[NX Daemon Server] - 2024-12-07T17:28:28.868Z - Established a connection. Number of open connections: 1
[NX Daemon Server] - 2024-12-07T17:28:28.868Z - Closed a connection. Number of open connections: 0
[NX Daemon Server] - 2024-12-07T17:28:28.869Z - Established a connection. Number of open connections: 1
[NX Daemon Server] - 2024-12-07T17:28:28.873Z - [REQUEST]: Client Request for Project Graph Received
[NX Daemon Server] - 2024-12-07T17:28:28.874Z - [REQUEST]: Responding to the client. project-graph
[NX Daemon Server] - 2024-12-07T17:28:28.874Z - Time taken for 'total for creating and serializing project graph' 0.7520000003278255ms
[NX Daemon Server] - 2024-12-07T17:28:28.874Z - Done responding to the client project-graph
[NX Daemon Server] - 2024-12-07T17:28:28.874Z - Handled REQUEST_PROJECT_GRAPH. Handling time: 1. Response time: 0.
[NX Daemon Server] - 2024-12-07T17:28:28.978Z - [REQUEST]: Responding to the client. handleHashTasks
[NX Daemon Server] - 2024-12-07T17:28:28.979Z - Done responding to the client handleHashTasks
[NX Daemon Server] - 2024-12-07T17:28:28.979Z - Handled HASH_TASKS. Handling time: 29. Response time: 1.
[NX Daemon Server] - 2024-12-07T17:28:29.420Z - [REQUEST]: Responding to the client. handleGetEstimatedTaskTimings
[NX Daemon Server] - 2024-12-07T17:28:29.421Z - Done responding to the client handleGetEstimatedTaskTimings
[NX Daemon Server] - 2024-12-07T17:28:29.421Z - Handled GET_ESTIMATED_TASK_TIMINGS. Handling time: 0. Response time: 1.
[NX Daemon Server] - 2024-12-07T17:28:31.730Z - [REQUEST]: Responding to the client. recordOutputsHash
[NX Daemon Server] - 2024-12-07T17:28:31.730Z - Done responding to the client recordOutputsHash
[NX Daemon Server] - 2024-12-07T17:28:31.730Z - Handled RECORD_OUTPUTS_HASH. Handling time: 0. Response time: 0.
[NX Daemon Server] - 2024-12-07T17:28:31.748Z - [WATCHER]: Processing file changes in outputs
[NX Daemon Server] - 2024-12-07T17:28:31.749Z - [WATCHER]: project.json was modified
[NX Daemon Server] - 2024-12-07T17:28:31.857Z - [REQUEST]: Updated workspace context based on watched changes, recomputing project graph...
[NX Daemon Server] - 2024-12-07T17:28:31.857Z - [REQUEST]: project.json
[NX Daemon Server] - 2024-12-07T17:28:31.857Z - [REQUEST]: 
[NX Daemon Server] - 2024-12-07T17:28:31.861Z - Time taken for 'hash changed files from watcher' 0.29979999735951424ms
[NX Daemon Server] - 2024-12-07T17:28:31.889Z - Time taken for 'build-project-configs' 22.98529999703169ms
[NX Daemon Server] - 2024-12-07T17:28:31.932Z - [SYNC]: collect registered sync generators
[NX Daemon Server] - 2024-12-07T17:28:31.933Z - [SYNC]: project graph hash is the same, not collecting task sync generators
[NX Daemon Server] - 2024-12-07T17:28:31.933Z - [SYNC]: nx.json hash is the same, not collecting global sync generators
[NX Daemon Server] - 2024-12-07T17:28:31.933Z - Time taken for 'total execution time for createProjectGraph()' 33.625ms
[NX Daemon Server] - 2024-12-07T17:28:32.847Z - Established a connection. Number of open connections: 2
[NX Daemon Server] - 2024-12-07T17:28:32.849Z - Closed a connection. Number of open connections: 1
[NX Daemon Server] - 2024-12-07T17:28:32.850Z - Established a connection. Number of open connections: 2
[NX Daemon Server] - 2024-12-07T17:28:32.854Z - [REQUEST]: Client Request for Project Graph Received
[NX Daemon Server] - 2024-12-07T17:28:32.855Z - [REQUEST]: Responding to the client. project-graph
[NX Daemon Server] - 2024-12-07T17:28:32.856Z - Time taken for 'total for creating and serializing project graph' 0.8455999977886677ms
[NX Daemon Server] - 2024-12-07T17:28:32.856Z - Done responding to the client project-graph
[NX Daemon Server] - 2024-12-07T17:28:32.856Z - Handled REQUEST_PROJECT_GRAPH. Handling time: 1. Response time: 1.
[NX Daemon Server] - 2024-12-07T17:28:48.345Z - Closed a connection. Number of open connections: 1
[NX Daemon Server] - 2024-12-07T17:28:48.401Z - [WATCHER]: Processing file changes in outputs
[NX Daemon Server] - 2024-12-07T17:28:48.417Z - [REQUEST]: Responding to the client. recordOutputsHash
[NX Daemon Server] - 2024-12-07T17:28:48.417Z - Done responding to the client recordOutputsHash
[NX Daemon Server] - 2024-12-07T17:28:48.417Z - Handled RECORD_OUTPUTS_HASH. Handling time: 9. Response time: 0.
[NX Daemon Server] - 2024-12-07T17:28:48.697Z - [REQUEST]: Responding to the client. PROCESS_IN_BACKGROUND
[NX Daemon Server] - 2024-12-07T17:28:48.699Z - Done responding to the client PROCESS_IN_BACKGROUND
[NX Daemon Server] - 2024-12-07T17:28:48.699Z - Handled PROCESS_IN_BACKGROUND. Handling time: 98. Response time: 2.
[NX Daemon Server] - 2024-12-07T17:28:48.699Z - Uploading file artifacts
[NX Daemon Server] - 2024-12-07T17:28:48.699Z - Done uploading file artifacts
[NX Daemon Server] - 2024-12-07T17:28:48.699Z - Sending EndRun request
[Nx Cloud Debug] Attempting to acquire filesystem lock with path:  C:\Users\danik\AppData\Local\Temp\client-instance-id.lock
[Nx Cloud Debug] Failed to create folder lock at path: C:\Users\danik\AppData\Local\Temp\client-instance-id.lock
[Nx Cloud] Unable to detect a VCS context from the environment.

 NX   RunEnd. Completed tasks


[
  {
    "taskId": "TikTok:pre_build",
    "startTime": "2024-12-07T17:28:29.428Z",
    "target": "pre_build",
    "projectName": "TikTok",
    "hash": "10635953376539018490",
    "hashDetails": {
      "nodes": {
        "TikTok:ProjectConfiguration": "17927142807262702146",
        "TikTok:{projectRoot}/**/*": "5527437615196470012",
        "TikTok:TsConfig": "15537700244056097503",
        "AllExternalDependencies": "18420246354277330482",
        "workspace:[{workspaceRoot}/nx.json,{workspaceRoot}/.gitignore,{workspaceRoot}/.nxignore]": "1932687529572995925",
        "env:NX_CLOUD_ENCRYPTION_KEY": "3244421341483603138",
        "npmDependencies": "hMMeBeY4i8DIRhoq6ROWTw=="
      },
      "runtime": {},
      "implicitDeps": {}
    },
    "params": "",
    "uploadedToStorage": false,
    "terminalOutputUploadedToFileStorage": false,
    "parallelism": true,
    "endTime": "2024-12-07T17:28:31.731Z",
    "status": 0,
    "cacheStatus": "cache-miss",
    "meta": null
  },
  {
    "taskId": "TikTok:build:production",
    "startTime": "2024-12-07T17:28:31.739Z",
    "target": "build",
    "projectName": "TikTok",
    "hash": "18076885535429295002",
    "hashDetails": {
      "nodes": {
        "TikTok:TsConfig": "15537700244056097503",
        "workspace:[{workspaceRoot}/.github/workflows/ci.yml]": "3244421341483603138",
        "TikTok:{projectRoot}/**/*,!{projectRoot}/.eslintrc.json,!{projectRoot}/eslint.config.js,!{projectRoot}/**/?(*.)+(spec|test).[jt]s?(x)?(.snap),!{projectRoot}/tsconfig.spec.json,!{projectRoot}/jest.config.[jt]s,!{projectRoot}/src/test-setup.[jt]s,!{projectRoot}/test-setup.[jt]s": "10203282572710203586",
        "env:NX_CLOUD_ENCRYPTION_KEY": "3244421341483603138",
        "TikTok:ProjectConfiguration": "17927142807262702146",
        "workspace:[{workspaceRoot}/nx.json,{workspaceRoot}/.gitignore,{workspaceRoot}/.nxignore]": "1932687529572995925",
        "npmDependencies": "hMMeBeY4i8DIRhoq6ROWTw=="
      },
      "runtime": {},
      "implicitDeps": {}
    },
    "params": "",
    "uploadedToStorage": false,
    "terminalOutputUploadedToFileStorage": false,
    "isCacheable": true,
    "parallelism": true,
    "endTime": "2024-12-07T17:28:48.417Z",
    "status": 1,
    "cacheStatus": "cache-miss",
    "meta": null
  }
]

[NX Daemon Server] - 2024-12-07T17:28:48.711Z - Closed a connection. Number of open connections: 0

 NX   Connection to Nx Cloud failed with status code 401

This workspace is more than three days old and is not connected. Workspaces must be connected within 3 days of creation. Claim your workspace at https://cloud.nx.app.

[NX Daemon Server] - 2024-12-07T17:28:48.960Z - Error when sending EndRun
Error: This workspace is more than three days old and is not connected. Workspaces must be connected within 3 days of creation. Claim your workspace at https://cloud.nx.app
    at Timeout._onTimeout (E:\Web\Angular\Angular\.nx\cache\cloud\2412.05.4\lib\daemon\process-run-end.js:33:4325)
    at process.processTicksAndRejections (node:internal/process/task_queues:95:5)
[NX Daemon Server] - 2024-12-07T17:30:25.019Z - [WATCHER]: Processing file changes in outputs
[NX Daemon Server] - 2024-12-07T17:30:25.019Z - [WATCHER]: Stopping the watcher for E:\Web\Angular\Angular (sources)
[NX Daemon Server] - 2024-12-07T17:30:25.019Z - [WATCHER]: Stopping the watcher for E:\Web\Angular\Angular (outputs)
[NX Daemon Server] - 2024-12-07T17:30:25.084Z - Server stopped because: "LOCK_FILES_CHANGED"
